make[2]: *** No rule to make target '/catkin_ws/devel/.private/ov_core/lib/libov_core_lib.so', needed by '/catkin_ws/devel/.private/ov_eval/lib/libov_eval_lib.so'.  Stop.
make[1]: *** [CMakeFiles/Makefile2:1694: CMakeFiles/ov_eval_lib.dir/all] Error 2
make: *** [Makefile:141: all] Error 2
