In file included from [01m[K/catkin_ws/src/open_vins/ov_core/src/track/TrackApril.cpp:23[m[K:
[01m[K/catkin_ws/src/open_vins/ov_core/src/track/TrackApril.h:[m[K In constructor â€˜[01m[Kov_core::TrackApril::TrackApril(std::unordered_map<long unsigned int, std::shared_ptr<ov_core::CamBase> >, int, bool, ov_core::TrackBase::HistogramMethod, bool)[m[Kâ€™:
[01m[K/catkin_ws/src/open_vins/ov_core/src/track/TrackApril.h:79:5:[m[K [01;31m[Kerror: [m[Kâ€˜[01m[Kinitialize_april_detector[m[Kâ€™ was not declared in this scope
   79 |     [01;31m[Kinitialize_april_detector[m[K() ;
      |     [01;31m[K^~~~~~~~~~~~~~~~~~~~~~~~~[m[K
[01m[K/catkin_ws/src/open_vins/ov_core/src/track/TrackApril.cpp:[m[K At global scope:
[01m[K/catkin_ws/src/open_vins/ov_core/src/track/TrackApril.cpp:34:6:[m[K [01;31m[Kerror: [m[Kno declaration matches â€˜[01m[Kvoid ov_core::TrackApril::initialize_april_detector()[m[Kâ€™
   34 | void [01;31m[KTrackApril[m[K::initialize_april_detector()
      |      [01;31m[K^~~~~~~~~~[m[K
[01m[K/catkin_ws/src/open_vins/ov_core/src/track/TrackApril.cpp:34:6:[m[K [01;36m[Knote: [m[Kno functions named â€˜[01m[Kvoid ov_core::TrackApril::initialize_april_detector()[m[Kâ€™
In file included from [01m[K/catkin_ws/src/open_vins/ov_core/src/track/TrackApril.cpp:23[m[K:
[01m[K/catkin_ws/src/open_vins/ov_core/src/track/TrackApril.h:57:7:[m[K [01;36m[Knote: [m[Kâ€˜[01m[Kclass ov_core::TrackApril[m[Kâ€™ defined here
   57 | class [01;36m[KTrackApril[m[K : public TrackBase {
      |       [01;36m[K^~~~~~~~~~[m[K
make[2]: *** [CMakeFiles/ov_core_lib.dir/build.make:245: CMakeFiles/ov_core_lib.dir/src/track/TrackApril.cpp.o] Error 1
make[1]: *** [CMakeFiles/Makefile2:208: CMakeFiles/ov_core_lib.dir/all] Error 2
make: *** [Makefile:141: all] Error 2
