[35m[1mScanning dependencies of target ov_core_lib[0m
[  4%] [32mBuilding CXX object CMakeFiles/ov_core_lib.dir/src/track/TrackApril.cpp.o[0m
[01m[K/catkin_ws/src/open_vins/ov_core/src/track/TrackApril.cpp:74:6:[m[K [01;31m[Kerror: [m[Kno declaration matches â€˜[01m[Kvoid ov_core::TrackApril::detectMarkers(apriltag_detector_t*, cv::Mat&, std::vector<std::vector<cv::Point_<float> > >&, std::vector<int>&)[m[Kâ€™
   74 | void [01;31m[KTrackApril[m[K::detectMarkers(apriltag_detector_t *tagDetector_ , cv::Mat &inputImage, std::vector<std::vector<cv::Point2f>>& corners, std::vector<int>& ids_april){
      |      [01;31m[K^~~~~~~~~~[m[K
In file included from [01m[K/catkin_ws/src/open_vins/ov_core/src/track/TrackApril.cpp:23[m[K:
[01m[K/catkin_ws/src/open_vins/ov_core/src/track/TrackApril.h:114:8:[m[K [01;36m[Knote: [m[Kcandidate is: â€˜[01m[Kvoid ov_core::TrackApril::detectMarkers(apriltag_detector_t*, cv::Mat&, std::vector<std::vector<cv::Point_<float> > >&, std::vector<int>)[m[Kâ€™
  114 |   void [01;36m[KdetectMarkers[m[K(apriltag_detector_t *tagDetector_ , cv::Mat &inputImage, std::vector<std::vector<cv::Point2f>>& corners, std::vector<int> ids_april);
      |        [01;36m[K^~~~~~~~~~~~~[m[K
[01m[K/catkin_ws/src/open_vins/ov_core/src/track/TrackApril.h:57:7:[m[K [01;36m[Knote: [m[Kâ€˜[01m[Kclass ov_core::TrackApril[m[Kâ€™ defined here
   57 | class [01;36m[KTrackApril[m[K : public TrackBase {
      |       [01;36m[K^~~~~~~~~~[m[K
make[2]: *** [CMakeFiles/ov_core_lib.dir/build.make:245: CMakeFiles/ov_core_lib.dir/src/track/TrackApril.cpp.o] Error 1
make[1]: *** [CMakeFiles/Makefile2:208: CMakeFiles/ov_core_lib.dir/all] Error 2
make: *** [Makefile:141: all] Error 2
