[01m[K/catkin_ws/src/open_vins/ov_core/src/track/TrackAruco.cpp:[m[K In member function â€˜[01m[Kvirtual void ov_core::TrackAruco::feed_new_camera(const ov_core::CameraData&)[m[Kâ€™:
[01m[K/catkin_ws/src/open_vins/ov_core/src/track/TrackAruco.cpp:48:24:[m[K [01;31m[Kerror: [m[Kâ€˜[01m[Kconst struct ov_core::CameraData[m[Kâ€™ has no member named â€˜[01m[Kimage[m[Kâ€™; did you mean â€˜[01m[Kimages[m[Kâ€™?
   48 |   std::cout << message.[01;31m[Kimage[m[K << std::endl;
      |                        [01;31m[K^~~~~[m[K
      |                        [32m[Kimages[m[K
make[2]: *** [CMakeFiles/ov_core_lib.dir/build.make:128: CMakeFiles/ov_core_lib.dir/src/track/TrackAruco.cpp.o] Error 1
make[1]: *** [CMakeFiles/Makefile2:208: CMakeFiles/ov_core_lib.dir/all] Error 2
make: *** [Makefile:141: all] Error 2
