In file included from [01m[K/catkin_ws/src/open_vins/ov_core/src/track/TrackApril.cpp:23[m[K:
[01m[K/catkin_ws/src/open_vins/ov_core/src/track/TrackApril.h:112:8:[m[K [01;31m[Kerror: [m[Kâ€˜[01m[Kvoid ov_core::TrackApril::initialize_april_detector()[m[Kâ€™ marked â€˜[01m[Koverride[m[Kâ€™, but does not override
  112 |   void [01;31m[Kinitialize_april_detector[m[K() override;
      |        [01;31m[K^~~~~~~~~~~~~~~~~~~~~~~~~[m[K
make[2]: *** [CMakeFiles/ov_core_lib.dir/build.make:245: CMakeFiles/ov_core_lib.dir/src/track/TrackApril.cpp.o] Error 1
make[2]: *** Waiting for unfinished jobs....
make[1]: *** [CMakeFiles/Makefile2:208: CMakeFiles/ov_core_lib.dir/all] Error 2
make: *** [Makefile:141: all] Error 2
