In file included from [01m[K/catkin_ws/src/open_vins/ov_core/src/track/TrackApril.cpp:23[m[K:
[01m[K/catkin_ws/src/open_vins/ov_core/src/track/TrackApril.h:26:10:[m[K [01;31m[Kfatal error: [m[Ktrack/AprilTag/apriltag.h: No such file or directory
   26 | #include [01;31m[K"track/AprilTag/apriltag.h"[m[K
      |          [01;31m[K^~~~~~~~~~~~~~~~~~~~~~~~~~~[m[K
compilation terminated.
make[2]: *** [CMakeFiles/ov_core_lib.dir/build.make:245: CMakeFiles/ov_core_lib.dir/src/track/TrackApril.cpp.o] Error 1
make[1]: *** [CMakeFiles/Makefile2:208: CMakeFiles/ov_core_lib.dir/all] Error 2
make: *** [Makefile:141: all] Error 2
